23:13:56 [main] [INFO ] testCases.RegistrationPageTest - Initializing the Driver setUp
23:13:59 [main] [INFO ] testCases.RegistrationPageTest - Launching Browser
23:14:01 [main] [INFO ] testCases.RegistrationPageTest - In Home Page choosing Registration
23:14:02 [main] [INFO ] testCases.RegistrationPageTest - Registration Opened and Placing Details
23:14:02 [main] [INFO ] testCases.RegistrationPageTest - Clicking Continue Button for Registering the User
23:14:03 [main] [INFO ] testCases.RegistrationPageTest - Actual Text : Your Account Has Been Created!
23:14:03 [main] [INFO ] testCases.RegistrationPageTest - Closing the Browser
23:14:03 [main] [INFO ] testCases.LoginTest - Initializing the Driver setUp
23:14:04 [main] [INFO ] testCases.LoginTest - Launching Browser
23:14:04 [main] [INFO ] testCases.LoginTest -  Login Test Case Starts 
23:14:04 [main] [INFO ] testCases.LoginTest -  Performing Actions on Home Page for loginTest 
23:14:05 [main] [INFO ] testCases.LoginTest -  Performing Actions at loginTest 
23:14:08 [main] [INFO ] testCases.LoginTest -  Clicking logOut button in AccountPafe 
23:14:18 [main] [ERROR] testCases.LoginTest - 		--)Failed at Verifying the AccountPage Status : no such element: Unable to locate element: {"method":"xpath","selector":"//h2[normalize-space()='My Account']"}
  (Session info: chrome=136.0.7103.114)
For documentation on this error, please visit: https://www.selenium.dev/documentation/webdriver/troubleshooting/errors#no-such-element-exception
Build info: version: '4.32.0', revision: 'd17c8aa950'
System info: os.name: 'Windows 11', os.arch: 'amd64', os.version: '10.0', java.version: '21.0.6'
Driver info: org.openqa.selenium.chrome.ChromeDriver
Command: [a4c557b6d13d58c47fffa463b3672258, findElement {using=xpath, value=//h2[normalize-space()='My Account']}]
Capabilities {acceptInsecureCerts: false, browserName: chrome, browserVersion: 136.0.7103.114, chrome: {chromedriverVersion: 136.0.7103.113 (76fa3c17824..., userDataDir: C:\Users\gowri\AppData\Loca...}, fedcm:accounts: true, goog:chromeOptions: {debuggerAddress: localhost:49770}, networkConnectionEnabled: false, pageLoadStrategy: normal, platformName: windows, proxy: Proxy(), se:cdp: ws://localhost:49770/devtoo..., se:cdpVersion: 136.0.7103.114, setWindowRect: true, strictFileInteractability: false, timeouts: {implicit: 0, pageLoad: 300000, script: 30000}, unhandledPromptBehavior: dismiss and notify, webauthn:extension:credBlob: true, webauthn:extension:largeBlob: true, webauthn:extension:minPinLength: true, webauthn:extension:prf: true, webauthn:virtualAuthenticators: true}
Session ID: a4c557b6d13d58c47fffa463b3672258
23:14:18 [main] [INFO ] testCases.LoginTest - Closing the Browser
